<?xml version="1.0" encoding="UTF-8"?>
<testsuite name="com.example.study_org_server.controller.user.UserControlTest$TestSignup" tests="1" skipped="0" failures="0" errors="0" timestamp="2024-12-02T11:53:46" hostname="syunk-test.local" time="0.007">
  <properties/>
  <testcase name="存在するユーザ" classname="com.example.study_org_server.controller.user.UserControlTest$TestSignup" time="0.007"/>
  <system-out><![CDATA[2024-12-02T20:53:46.152+09:00  INFO 36876 --- [study-org-server] [    Test worker] t.c.s.AnnotationConfigContextLoaderUtils : Could not detect default configuration classes for test class [com.example.study_org_server.controller.user.UserControlTest$TestSignup]: TestSignup does not declare any static, non-private, non-final, nested classes annotated with @Configuration.
2024-12-02T20:53:46.158+09:00  INFO 36876 --- [study-org-server] [    Test worker] .b.t.c.SpringBootTestContextBootstrapper : Found @SpringBootConfiguration com.example.study_org_server.StudyOrgServerApplication for test class com.example.study_org_server.controller.user.UserControlTest$TestSignup
]]></system-out>
  <system-err><![CDATA[]]></system-err>
</testsuite>
