<?xml version="1.0" encoding="UTF-8"?>
<testsuite name="com.example.study_org_server.controller.meeting.MeetingControllerIT" tests="4" skipped="0" failures="0" errors="0" timestamp="2024-12-02T11:53:44" hostname="syunk-test.local" time="0.235">
  <properties/>
  <testcase name="cancel()" classname="com.example.study_org_server.controller.meeting.MeetingControllerIT" time="0.169"/>
  <testcase name="update()" classname="com.example.study_org_server.controller.meeting.MeetingControllerIT" time="0.047"/>
  <testcase name="givenWac_whenServletContext_thenItProvidesGreetController()" classname="com.example.study_org_server.controller.meeting.MeetingControllerIT" time="0.002"/>
  <testcase name="reserve()" classname="com.example.study_org_server.controller.meeting.MeetingControllerIT" time="0.014"/>
  <system-out><![CDATA[2024-12-02T20:53:44.204+09:00  INFO 36876 --- [study-org-server] [    Test worker] t.c.s.AnnotationConfigContextLoaderUtils : Could not detect default configuration classes for test class [com.example.study_org_server.controller.meeting.MeetingControllerIT]: MeetingControllerIT does not declare any static, non-private, non-final, nested classes annotated with @Configuration.
2024-12-02T20:53:44.229+09:00  INFO 36876 --- [study-org-server] [    Test worker] .b.t.c.SpringBootTestContextBootstrapper : Found @SpringBootConfiguration com.example.study_org_server.StudyOrgServerApplication for test class com.example.study_org_server.controller.meeting.MeetingControllerIT

  .   ____          _            __ _ _
 /\\ / ___'_ __ _ _(_)_ __  __ _ \ \ \ \
( ( )\___ | '_ | '_| | '_ \/ _` | \ \ \ \
 \\/  ___)| |_)| | | | | || (_| |  ) ) ) )
  '  |____| .__|_| |_|_| |_\__, | / / / /
 =========|_|==============|___/=/_/_/_/

 :: Spring Boot ::                (v3.3.3)

2024-12-02T20:53:44.257+09:00  INFO 36876 --- [study-org-server] [    Test worker] c.e.s.c.meeting.MeetingControllerIT      : Starting MeetingControllerIT using Java 17.0.12 with PID 36876 (started by koizumishuntakashi in /Users/koizumishuntakashi/Desktop/JAVA/study-org-server)
2024-12-02T20:53:44.257+09:00  INFO 36876 --- [study-org-server] [    Test worker] c.e.s.c.meeting.MeetingControllerIT      : No active profile set, falling back to 1 default profile: "default"
2024-12-02T20:53:44.539+09:00  INFO 36876 --- [study-org-server] [    Test worker] com.zaxxer.hikari.HikariDataSource       : HikariPool-1 - Starting...
2024-12-02T20:53:44.545+09:00  INFO 36876 --- [study-org-server] [    Test worker] com.zaxxer.hikari.pool.HikariPool        : HikariPool-1 - Added connection conn26: url=jdbc:h2:mem:90f2fc32-eabe-43f7-a437-7351b594907c user=SA
2024-12-02T20:53:44.546+09:00  INFO 36876 --- [study-org-server] [    Test worker] com.zaxxer.hikari.HikariDataSource       : HikariPool-1 - Start completed.
2024-12-02T20:53:44.618+09:00  INFO 36876 --- [study-org-server] [    Test worker] eAuthenticationProviderManagerConfigurer : Global AuthenticationManager configured with AuthenticationProvider bean with name daoAuthenticationProviderWithDB
2024-12-02T20:53:44.618+09:00  WARN 36876 --- [study-org-server] [    Test worker] r$InitializeUserDetailsManagerConfigurer : Global AuthenticationManager configured with an AuthenticationProvider bean. UserDetailsService beans will not be used for username/password login. Consider removing the AuthenticationProvider bean. Alternatively, consider using the UserDetailsService in a manually instantiated DaoAuthenticationProvider.
2024-12-02T20:53:44.868+09:00  INFO 36876 --- [study-org-server] [    Test worker] o.s.b.t.m.w.SpringBootMockServletContext : Initializing Spring TestDispatcherServlet ''
2024-12-02T20:53:44.868+09:00  INFO 36876 --- [study-org-server] [    Test worker] o.s.t.web.servlet.TestDispatcherServlet  : Initializing Servlet ''
2024-12-02T20:53:44.869+09:00  INFO 36876 --- [study-org-server] [    Test worker] o.s.t.web.servlet.TestDispatcherServlet  : Completed initialization in 1 ms
2024-12-02T20:53:44.877+09:00  INFO 36876 --- [study-org-server] [    Test worker] c.e.s.c.meeting.MeetingControllerIT      : Started MeetingControllerIT in 0.638 seconds (process running for 2.537)
2024-12-02T20:53:44.885+09:00  INFO 36876 --- [study-org-server] [    Test worker] o.s.b.t.m.w.SpringBootMockServletContext : Initializing Spring TestDispatcherServlet ''
2024-12-02T20:53:44.885+09:00  INFO 36876 --- [study-org-server] [    Test worker] o.s.t.web.servlet.TestDispatcherServlet  : Initializing Servlet ''
2024-12-02T20:53:44.886+09:00  INFO 36876 --- [study-org-server] [    Test worker] o.s.t.web.servlet.TestDispatcherServlet  : Completed initialization in 1 ms

MockHttpServletRequest:
      HTTP Method = GET
      Request URI = /meeting
       Parameters = {}
          Headers = []
             Body = <no character encoding set>
    Session Attrs = {}

Handler:
             Type = com.example.study_org_server.controller.meeting.MeetingController
           Method = com.example.study_org_server.controller.meeting.MeetingController#meetingGet(MeetingSearchForm, Pagination, OrderProp)

Async:
    Async started = false
     Async result = null

Resolved Exception:
             Type = null

ModelAndView:
        View name = null
             View = null
            Model = null

FlashMap:
       Attributes = null

MockHttpServletResponse:
           Status = 200
    Error message = null
          Headers = [Vary:"Origin", "Access-Control-Request-Method", "Access-Control-Request-Headers", Content-Type:"application/json"]
     Content type = application/json
             Body = {"results":[{"id":1,"title":"Project Kickoff"},{"id":2,"title":"Weekly Sync"},{"id":3,"title":"Budget Project"},{"id":4,"title":"Client Presentation"},{"id":5,"title":"Sprint Retrospective"}]}
    Forwarded URL = null
   Redirected URL = null
          Cookies = []

MockHttpServletRequest:
      HTTP Method = DELETE
      Request URI = /meeting/5
       Parameters = {}
          Headers = [Content-Type:"application/json", Accept:"application/json"]
             Body = <no character encoding set>
    Session Attrs = {}

Handler:
             Type = com.example.study_org_server.controller.meeting.MeetingController
           Method = com.example.study_org_server.controller.meeting.MeetingController#meetingMeetingIdDelete(Integer)

Async:
    Async started = false
     Async result = null

Resolved Exception:
             Type = null

ModelAndView:
        View name = null
             View = null
            Model = null

FlashMap:
       Attributes = null

MockHttpServletResponse:
           Status = 204
    Error message = null
          Headers = [Vary:"Origin", "Access-Control-Request-Method", "Access-Control-Request-Headers"]
     Content type = null
             Body = 
    Forwarded URL = null
   Redirected URL = null
          Cookies = []

MockHttpServletRequest:
      HTTP Method = GET
      Request URI = /meeting
       Parameters = {}
          Headers = []
             Body = <no character encoding set>
    Session Attrs = {}

Handler:
             Type = com.example.study_org_server.controller.meeting.MeetingController
           Method = com.example.study_org_server.controller.meeting.MeetingController#meetingGet(MeetingSearchForm, Pagination, OrderProp)

Async:
    Async started = false
     Async result = null

Resolved Exception:
             Type = null

ModelAndView:
        View name = null
             View = null
            Model = null

FlashMap:
       Attributes = null

MockHttpServletResponse:
           Status = 200
    Error message = null
          Headers = [Vary:"Origin", "Access-Control-Request-Method", "Access-Control-Request-Headers", Content-Type:"application/json"]
     Content type = application/json
             Body = {"results":[{"id":1,"title":"Project Kickoff"},{"id":2,"title":"Weekly Sync"},{"id":3,"title":"Budget Project"},{"id":4,"title":"Client Presentation"}]}
    Forwarded URL = null
   Redirected URL = null
          Cookies = []
2024-12-02T20:53:45.055+09:00  INFO 36876 --- [study-org-server] [    Test worker] o.s.b.t.m.w.SpringBootMockServletContext : Initializing Spring TestDispatcherServlet ''
2024-12-02T20:53:45.055+09:00  INFO 36876 --- [study-org-server] [    Test worker] o.s.t.web.servlet.TestDispatcherServlet  : Initializing Servlet ''
2024-12-02T20:53:45.056+09:00  INFO 36876 --- [study-org-server] [    Test worker] o.s.t.web.servlet.TestDispatcherServlet  : Completed initialization in 1 ms

MockHttpServletRequest:
      HTTP Method = GET
      Request URI = /meeting
       Parameters = {}
          Headers = []
             Body = <no character encoding set>
    Session Attrs = {}

Handler:
             Type = com.example.study_org_server.controller.meeting.MeetingController
           Method = com.example.study_org_server.controller.meeting.MeetingController#meetingGet(MeetingSearchForm, Pagination, OrderProp)

Async:
    Async started = false
     Async result = null

Resolved Exception:
             Type = null

ModelAndView:
        View name = null
             View = null
            Model = null

FlashMap:
       Attributes = null

MockHttpServletResponse:
           Status = 200
    Error message = null
          Headers = [Vary:"Origin", "Access-Control-Request-Method", "Access-Control-Request-Headers", Content-Type:"application/json"]
     Content type = application/json
             Body = {"results":[{"id":1,"title":"Project Kickoff"},{"id":2,"title":"Weekly Sync"},{"id":3,"title":"Budget Project"},{"id":4,"title":"Client Presentation"}]}
    Forwarded URL = null
   Redirected URL = null
          Cookies = []

MockHttpServletRequest:
      HTTP Method = PUT
      Request URI = /meeting/4
       Parameters = {}
          Headers = [Content-Type:"application/json", Accept:"application/json", Content-Length:"151"]
             Body = <no character encoding set>
    Session Attrs = {}

Handler:
             Type = com.example.study_org_server.controller.meeting.MeetingController
           Method = com.example.study_org_server.controller.meeting.MeetingController#meetingMeetingIdPut(Integer, MeetingForm)

Async:
    Async started = false
     Async result = null

Resolved Exception:
             Type = null

ModelAndView:
        View name = null
             View = null
            Model = null

FlashMap:
       Attributes = null

MockHttpServletResponse:
           Status = 200
    Error message = null
          Headers = [Vary:"Origin", "Access-Control-Request-Method", "Access-Control-Request-Headers", Content-Type:"application/json"]
     Content type = application/json
             Body = {"id":4,"title":"AAABBB"}
    Forwarded URL = null
   Redirected URL = null
          Cookies = []

MockHttpServletRequest:
      HTTP Method = GET
      Request URI = /meeting
       Parameters = {}
          Headers = []
             Body = <no character encoding set>
    Session Attrs = {}

Handler:
             Type = com.example.study_org_server.controller.meeting.MeetingController
           Method = com.example.study_org_server.controller.meeting.MeetingController#meetingGet(MeetingSearchForm, Pagination, OrderProp)

Async:
    Async started = false
     Async result = null

Resolved Exception:
             Type = null

ModelAndView:
        View name = null
             View = null
            Model = null

FlashMap:
       Attributes = null

MockHttpServletResponse:
           Status = 200
    Error message = null
          Headers = [Vary:"Origin", "Access-Control-Request-Method", "Access-Control-Request-Headers", Content-Type:"application/json"]
     Content type = application/json
             Body = {"results":[{"id":1,"title":"Project Kickoff"},{"id":2,"title":"Weekly Sync"},{"id":3,"title":"Budget Project"},{"id":4,"title":"AAABBB"}]}
    Forwarded URL = null
   Redirected URL = null
          Cookies = []

MockHttpServletRequest:
      HTTP Method = PUT
      Request URI = /meeting/4
       Parameters = {}
          Headers = [Content-Type:"application/json", Accept:"application/json", Content-Length:"148"]
             Body = <no character encoding set>
    Session Attrs = {}

Handler:
             Type = com.example.study_org_server.controller.meeting.MeetingController
           Method = com.example.study_org_server.controller.meeting.MeetingController#meetingMeetingIdPut(Integer, MeetingForm)

Async:
    Async started = false
     Async result = null

Resolved Exception:
             Type = null

ModelAndView:
        View name = null
             View = null
            Model = null

FlashMap:
       Attributes = null

MockHttpServletResponse:
           Status = 200
    Error message = null
          Headers = [Vary:"Origin", "Access-Control-Request-Method", "Access-Control-Request-Headers", Content-Type:"application/json"]
     Content type = application/json
             Body = {"id":4,"title":"AAA"}
    Forwarded URL = null
   Redirected URL = null
          Cookies = []
2024-12-02T20:53:45.100+09:00  INFO 36876 --- [study-org-server] [    Test worker] o.s.b.t.m.w.SpringBootMockServletContext : Initializing Spring TestDispatcherServlet ''
2024-12-02T20:53:45.100+09:00  INFO 36876 --- [study-org-server] [    Test worker] o.s.t.web.servlet.TestDispatcherServlet  : Initializing Servlet ''
2024-12-02T20:53:45.101+09:00  INFO 36876 --- [study-org-server] [    Test worker] o.s.t.web.servlet.TestDispatcherServlet  : Completed initialization in 0 ms
2024-12-02T20:53:45.105+09:00  INFO 36876 --- [study-org-server] [    Test worker] o.s.b.t.m.w.SpringBootMockServletContext : Initializing Spring TestDispatcherServlet ''
2024-12-02T20:53:45.105+09:00  INFO 36876 --- [study-org-server] [    Test worker] o.s.t.web.servlet.TestDispatcherServlet  : Initializing Servlet ''
2024-12-02T20:53:45.106+09:00  INFO 36876 --- [study-org-server] [    Test worker] o.s.t.web.servlet.TestDispatcherServlet  : Completed initialization in 1 ms

MockHttpServletRequest:
      HTTP Method = GET
      Request URI = /meeting
       Parameters = {}
          Headers = []
             Body = <no character encoding set>
    Session Attrs = {}

Handler:
             Type = com.example.study_org_server.controller.meeting.MeetingController
           Method = com.example.study_org_server.controller.meeting.MeetingController#meetingGet(MeetingSearchForm, Pagination, OrderProp)

Async:
    Async started = false
     Async result = null

Resolved Exception:
             Type = null

ModelAndView:
        View name = null
             View = null
            Model = null

FlashMap:
       Attributes = null

MockHttpServletResponse:
           Status = 200
    Error message = null
          Headers = [Vary:"Origin", "Access-Control-Request-Method", "Access-Control-Request-Headers", Content-Type:"application/json"]
     Content type = application/json
             Body = {"results":[{"id":1,"title":"Project Kickoff"},{"id":2,"title":"Weekly Sync"},{"id":3,"title":"Budget Project"},{"id":4,"title":"AAA"}]}
    Forwarded URL = null
   Redirected URL = null
          Cookies = []

MockHttpServletRequest:
      HTTP Method = POST
      Request URI = /meeting
       Parameters = {}
          Headers = [Content-Type:"application/json", Accept:"application/json", Content-Length:"151"]
             Body = <no character encoding set>
    Session Attrs = {}

Handler:
             Type = com.example.study_org_server.controller.meeting.MeetingController
           Method = com.example.study_org_server.controller.meeting.MeetingController#meetingPost(MeetingForm)

Async:
    Async started = false
     Async result = null

Resolved Exception:
             Type = null

ModelAndView:
        View name = null
             View = null
            Model = null

FlashMap:
       Attributes = null

MockHttpServletResponse:
           Status = 201
    Error message = null
          Headers = [Vary:"Origin", "Access-Control-Request-Method", "Access-Control-Request-Headers", Location:"meeting/AAABBB"]
     Content type = null
             Body = 
    Forwarded URL = null
   Redirected URL = meeting/AAABBB
          Cookies = []

MockHttpServletRequest:
      HTTP Method = GET
      Request URI = /meeting
       Parameters = {}
          Headers = []
             Body = <no character encoding set>
    Session Attrs = {}

Handler:
             Type = com.example.study_org_server.controller.meeting.MeetingController
           Method = com.example.study_org_server.controller.meeting.MeetingController#meetingGet(MeetingSearchForm, Pagination, OrderProp)

Async:
    Async started = false
     Async result = null

Resolved Exception:
             Type = null

ModelAndView:
        View name = null
             View = null
            Model = null

FlashMap:
       Attributes = null

MockHttpServletResponse:
           Status = 200
    Error message = null
          Headers = [Vary:"Origin", "Access-Control-Request-Method", "Access-Control-Request-Headers", Content-Type:"application/json"]
     Content type = application/json
             Body = {"results":[{"id":1,"title":"Project Kickoff"},{"id":2,"title":"Weekly Sync"},{"id":3,"title":"Budget Project"},{"id":4,"title":"AAA"},{"id":6,"title":"AAABBB"}]}
    Forwarded URL = null
   Redirected URL = null
          Cookies = []
]]></system-out>
  <system-err><![CDATA[]]></system-err>
</testsuite>
