<?xml version="1.0" encoding="UTF-8"?>
<testsuite name="com.example.study_org_server.controller.meeting.MeetingControllerTest" tests="9" skipped="0" failures="0" errors="0" timestamp="2024-12-02T11:53:45" hostname="syunk-test.local" time="0.191">
  <properties/>
  <testcase name="meetingPost()" classname="com.example.study_org_server.controller.meeting.MeetingControllerTest" time="0.06"/>
  <testcase name="meetingMeetingIdPut_ShouldSuccess()" classname="com.example.study_org_server.controller.meeting.MeetingControllerTest" time="0.035"/>
  <testcase name="meetingDetailGet()" classname="com.example.study_org_server.controller.meeting.MeetingControllerTest" time="0.009"/>
  <testcase name="meetingGet()" classname="com.example.study_org_server.controller.meeting.MeetingControllerTest" time="0.028"/>
  <testcase name="meetingDelete()" classname="com.example.study_org_server.controller.meeting.MeetingControllerTest" time="0.012"/>
  <testcase name="searchMeeting_1()" classname="com.example.study_org_server.controller.meeting.MeetingControllerTest" time="0.008"/>
  <testcase name="searchMeeting_2()" classname="com.example.study_org_server.controller.meeting.MeetingControllerTest" time="0.01"/>
  <testcase name="searchMeeting_3()" classname="com.example.study_org_server.controller.meeting.MeetingControllerTest" time="0.008"/>
  <testcase name="searchMeeting_4()" classname="com.example.study_org_server.controller.meeting.MeetingControllerTest" time="0.008"/>
  <system-out><![CDATA[2024-12-02T20:53:45.122+09:00  INFO 36876 --- [study-org-server] [    Test worker] t.c.s.AnnotationConfigContextLoaderUtils : Could not detect default configuration classes for test class [com.example.study_org_server.controller.meeting.MeetingControllerTest]: MeetingControllerTest does not declare any static, non-private, non-final, nested classes annotated with @Configuration.
2024-12-02T20:53:45.127+09:00  INFO 36876 --- [study-org-server] [    Test worker] .b.t.c.SpringBootTestContextBootstrapper : Found @SpringBootConfiguration com.example.study_org_server.StudyOrgServerApplication for test class com.example.study_org_server.controller.meeting.MeetingControllerTest

  .   ____          _            __ _ _
 /\\ / ___'_ __ _ _(_)_ __  __ _ \ \ \ \
( ( )\___ | '_ | '_| | '_ \/ _` | \ \ \ \
 \\/  ___)| |_)| | | | | || (_| |  ) ) ) )
  '  |____| .__|_| |_|_| |_\__, | / / / /
 =========|_|==============|___/=/_/_/_/

 :: Spring Boot ::                (v3.3.3)

2024-12-02T20:53:45.143+09:00  INFO 36876 --- [study-org-server] [    Test worker] c.e.s.c.meeting.MeetingControllerTest    : Starting MeetingControllerTest using Java 17.0.12 with PID 36876 (started by koizumishuntakashi in /Users/koizumishuntakashi/Desktop/JAVA/study-org-server)
2024-12-02T20:53:45.143+09:00  INFO 36876 --- [study-org-server] [    Test worker] c.e.s.c.meeting.MeetingControllerTest    : No active profile set, falling back to 1 default profile: "default"
2024-12-02T20:53:45.463+09:00  INFO 36876 --- [study-org-server] [    Test worker] eAuthenticationProviderManagerConfigurer : Global AuthenticationManager configured with AuthenticationProvider bean with name daoAuthenticationProviderWithDB
2024-12-02T20:53:45.464+09:00  WARN 36876 --- [study-org-server] [    Test worker] r$InitializeUserDetailsManagerConfigurer : Global AuthenticationManager configured with an AuthenticationProvider bean. UserDetailsService beans will not be used for username/password login. Consider removing the AuthenticationProvider bean. Alternatively, consider using the UserDetailsService in a manually instantiated DaoAuthenticationProvider.
2024-12-02T20:53:45.544+09:00  INFO 36876 --- [study-org-server] [    Test worker] o.s.b.t.m.w.SpringBootMockServletContext : Initializing Spring TestDispatcherServlet ''
2024-12-02T20:53:45.545+09:00  INFO 36876 --- [study-org-server] [    Test worker] o.s.t.web.servlet.TestDispatcherServlet  : Initializing Servlet ''
2024-12-02T20:53:45.545+09:00  INFO 36876 --- [study-org-server] [    Test worker] o.s.t.web.servlet.TestDispatcherServlet  : Completed initialization in 0 ms
2024-12-02T20:53:45.554+09:00  INFO 36876 --- [study-org-server] [    Test worker] c.e.s.c.meeting.MeetingControllerTest    : Started MeetingControllerTest in 0.418 seconds (process running for 3.214)
]]></system-out>
  <system-err><![CDATA[]]></system-err>
</testsuite>
