<?xml version="1.0" encoding="UTF-8"?>
<testsuite name="com.example.study_org_server.controller.user.UserControlTest$WithCredential" tests="2" skipped="0" failures="0" errors="0" timestamp="2024-12-02T11:53:46" hostname="syunk-test.local" time="0.035">
  <properties/>
  <testcase name="userManagePost_ShouldReturnOK()" classname="com.example.study_org_server.controller.user.UserControlTest$WithCredential" time="0.021"/>
  <testcase name="userRoleGet_ShouldReturnOK()" classname="com.example.study_org_server.controller.user.UserControlTest$WithCredential" time="0.008"/>
  <system-out><![CDATA[2024-12-02T20:53:45.780+09:00  INFO 36876 --- [study-org-server] [    Test worker] t.c.s.AnnotationConfigContextLoaderUtils : Could not detect default configuration classes for test class [com.example.study_org_server.controller.user.UserControlTest$WithCredential]: WithCredential does not declare any static, non-private, non-final, nested classes annotated with @Configuration.
2024-12-02T20:53:45.785+09:00  INFO 36876 --- [study-org-server] [    Test worker] .b.t.c.SpringBootTestContextBootstrapper : Found @SpringBootConfiguration com.example.study_org_server.StudyOrgServerApplication for test class com.example.study_org_server.controller.user.UserControlTest$WithCredential

  .   ____          _            __ _ _
 /\\ / ___'_ __ _ _(_)_ __  __ _ \ \ \ \
( ( )\___ | '_ | '_| | '_ \/ _` | \ \ \ \
 \\/  ___)| |_)| | | | | || (_| |  ) ) ) )
  '  |____| .__|_| |_|_| |_\__, | / / / /
 =========|_|==============|___/=/_/_/_/

 :: Spring Boot ::                (v3.3.3)

2024-12-02T20:53:45.805+09:00  INFO 36876 --- [study-org-server] [    Test worker] c.e.s.controller.user.UserControlTest    : Starting UserControlTest using Java 17.0.12 with PID 36876 (started by koizumishuntakashi in /Users/koizumishuntakashi/Desktop/JAVA/study-org-server)
2024-12-02T20:53:45.805+09:00  INFO 36876 --- [study-org-server] [    Test worker] c.e.s.controller.user.UserControlTest    : No active profile set, falling back to 1 default profile: "default"
2024-12-02T20:53:45.981+09:00  INFO 36876 --- [study-org-server] [    Test worker] eAuthenticationProviderManagerConfigurer : Global AuthenticationManager configured with AuthenticationProvider bean with name daoAuthenticationProviderWithDB
2024-12-02T20:53:45.982+09:00  WARN 36876 --- [study-org-server] [    Test worker] r$InitializeUserDetailsManagerConfigurer : Global AuthenticationManager configured with an AuthenticationProvider bean. UserDetailsService beans will not be used for username/password login. Consider removing the AuthenticationProvider bean. Alternatively, consider using the UserDetailsService in a manually instantiated DaoAuthenticationProvider.
2024-12-02T20:53:46.061+09:00  INFO 36876 --- [study-org-server] [    Test worker] o.s.b.t.m.w.SpringBootMockServletContext : Initializing Spring TestDispatcherServlet ''
2024-12-02T20:53:46.062+09:00  INFO 36876 --- [study-org-server] [    Test worker] o.s.t.web.servlet.TestDispatcherServlet  : Initializing Servlet ''
2024-12-02T20:53:46.070+09:00  INFO 36876 --- [study-org-server] [    Test worker] o.s.t.web.servlet.TestDispatcherServlet  : Completed initialization in 8 ms
2024-12-02T20:53:46.079+09:00  INFO 36876 --- [study-org-server] [    Test worker] c.e.s.controller.user.UserControlTest    : Started UserControlTest in 0.291 seconds (process running for 3.74)
]]></system-out>
  <system-err><![CDATA[]]></system-err>
</testsuite>
