<?xml version="1.0" encoding="UTF-8"?>
<testsuite name="com.example.study_org_server.controller.user.UserControlTest" tests="0" skipped="0" failures="0" errors="0" timestamp="1970-01-01T00:00:00" hostname="syunk-test.local" time="0.0">
  <properties/>
  <system-out><![CDATA[2024-12-02T20:53:45.758+09:00  INFO 36876 --- [study-org-server] [    Test worker] t.c.s.AnnotationConfigContextLoaderUtils : Could not detect default configuration classes for test class [com.example.study_org_server.controller.user.UserControlTest]: UserControlTest does not declare any static, non-private, non-final, nested classes annotated with @Configuration.
2024-12-02T20:53:45.775+09:00  INFO 36876 --- [study-org-server] [    Test worker] .b.t.c.SpringBootTestContextBootstrapper : Found @SpringBootConfiguration com.example.study_org_server.StudyOrgServerApplication for test class com.example.study_org_server.controller.user.UserControlTest
]]></system-out>
  <system-err><![CDATA[]]></system-err>
</testsuite>
