<?xml version="1.0" encoding="UTF-8"?>
<testsuite name="com.example.study_org_server.service.AuthServiceTest$Test_getUserDataFromSecurityContext" tests="1" skipped="0" failures="0" errors="0" timestamp="2024-12-02T11:53:47" hostname="syunk-test.local" time="0.052">
  <properties/>
  <testcase name="getUserDataFromSecurityContext_ShouldReturnCOntextAuth()" classname="com.example.study_org_server.service.AuthServiceTest$Test_getUserDataFromSecurityContext" time="0.052"/>
  <system-out><![CDATA[]]></system-out>
  <system-err><![CDATA[]]></system-err>
</testsuite>
